2023-12-10 20:57:49,722 - INFO - AGENT: Created TensorBoard writer acdqn_average-speed
2023-12-10 20:57:49,757 - INFO - AGENT :: Actor Critic DQN Agent constructed.
2023-12-10 20:57:49,757 - INFO - AGENT :: checking shutdown status
2023-12-10 20:58:00,536 - INFO - AGENT :: Processing Deployment glad-desert with 14 pods.
2023-12-10 20:58:01,459 - INFO - AGENT :: Reward for binding glad-desert-7d568d547d-wrrt6 to node kwok-std-node-8 is 1.0 
2023-12-10 20:58:02,394 - INFO - AGENT :: Reward for binding glad-desert-7d568d547d-zz2c6 to node kwok-std-node-2 is 0.991 
2023-12-10 20:58:03,518 - INFO - AGENT :: Reward for binding glad-desert-7d568d547d-r2s7h to node kwok-std-node-0 is 0.988 
2023-12-10 20:58:04,591 - INFO - AGENT :: Reward for binding glad-desert-7d568d547d-l8t7k to node kwok-std-node-3 is 0.986 
2023-12-10 20:58:05,704 - INFO - AGENT :: Reward for binding glad-desert-7d568d547d-4cm5l to node kwok-std-node-9 is 0.985 
2023-12-10 20:58:06,922 - INFO - AGENT :: Reward for binding glad-desert-7d568d547d-jq66n to node kwok-std-node-4 is 0.985 
2023-12-10 20:58:08,038 - INFO - AGENT :: Reward for binding glad-desert-7d568d547d-vkd8z to node kwok-std-node-9 is 0.696 
2023-12-10 20:58:09,429 - INFO - AGENT :: Reward for binding glad-desert-7d568d547d-2b96t to node kwok-std-node-6 is 0.98 
2023-12-10 20:58:10,773 - INFO - AGENT :: Reward for binding glad-desert-7d568d547d-4x6sr to node kwok-std-node-6 is -0.981 
2023-12-10 20:58:12,086 - INFO - AGENT :: Reward for binding glad-desert-7d568d547d-9mz64 to node kwok-std-node-2 is 0.692 
2023-12-10 20:58:12,345 - INFO - AGENT :: Cluster Variance at 0.0001
2023-12-10 20:58:13,692 - INFO - AGENT :: Reward for binding glad-desert-7d568d547d-7rk8b to node kwok-std-node-2 is -0.976 
2023-12-10 20:58:15,143 - INFO - AGENT :: Reward for binding glad-desert-7d568d547d-wjtgg to node kwok-std-node-1 is 0.971 
2023-12-10 20:58:16,638 - INFO - AGENT :: Reward for binding glad-desert-7d568d547d-xwdz2 to node kwok-std-node-7 is 0.972 
2023-12-10 20:58:18,094 - INFO - AGENT :: Reward for binding glad-desert-7d568d547d-wp94n to node kwok-std-node-8 is 0.689 
2023-12-10 20:58:40,773 - INFO - AGENT :: Processing Deployment full-image with 14 pods.
2023-12-10 20:58:42,287 - INFO - AGENT :: Reward for binding full-image-9bc868fb9-kk7kn to node kwok-std-node-2 is 0.487 
2023-12-10 20:58:43,776 - INFO - AGENT :: Reward for binding full-image-9bc868fb9-lfwcp to node kwok-std-node-9 is 0.558 
2023-12-10 20:58:45,512 - INFO - AGENT :: Reward for binding full-image-9bc868fb9-qllpn to node kwok-std-node-9 is -0.964 
2023-12-10 20:58:47,081 - INFO - AGENT :: Reward for binding full-image-9bc868fb9-r5vsc to node kwok-std-node-1 is 0.679 
2023-12-10 20:58:48,792 - INFO - AGENT :: Reward for binding full-image-9bc868fb9-shftz to node kwok-std-node-8 is 0.554 
2023-12-10 20:58:50,520 - INFO - AGENT :: Reward for binding full-image-9bc868fb9-7f2dn to node kwok-std-node-0 is 0.678 
2023-12-10 20:58:50,861 - INFO - AGENT :: Cluster Variance at 0.0004
2023-12-10 20:58:52,610 - INFO - AGENT :: Reward for binding full-image-9bc868fb9-ggdqz to node kwok-std-node-5 is 0.959 
2023-12-10 20:58:54,353 - INFO - AGENT :: Reward for binding full-image-9bc868fb9-n65q4 to node kwok-std-node-0 is 0.555 
2023-12-10 20:58:56,216 - INFO - AGENT :: Reward for binding full-image-9bc868fb9-ptgj9 to node kwok-std-node-2 is 0.43 
2023-12-10 20:58:58,044 - INFO - AGENT :: Reward for binding full-image-9bc868fb9-l6ggw to node kwok-std-node-1 is 0.552 
2023-12-10 20:58:59,869 - INFO - AGENT :: Reward for binding full-image-9bc868fb9-56cp4 to node kwok-std-node-4 is 0.675 
2023-12-10 20:59:01,888 - INFO - AGENT :: Reward for binding full-image-9bc868fb9-p67r4 to node kwok-std-node-7 is 0.676 
2023-12-10 20:59:03,782 - INFO - AGENT :: Reward for binding full-image-9bc868fb9-rlgb5 to node kwok-std-node-7 is -0.958 
2023-12-10 20:59:05,802 - INFO - AGENT :: Reward for binding full-image-9bc868fb9-bpqhc to node kwok-std-node-0 is 0.479 
2023-12-10 20:59:05,939 - INFO - AGENT :: checking shutdown status
2023-12-10 20:59:21,135 - INFO - AGENT :: Processing Deployment grouchy-dust with 13 pods.
2023-12-10 20:59:23,068 - INFO - AGENT :: Reward for binding grouchy-dust-6d668dd4bf-qvfw9 to node kwok-std-node-0 is -0.956 
2023-12-10 20:59:25,181 - INFO - AGENT :: Reward for binding grouchy-dust-6d668dd4bf-qz6t4 to node kwok-std-node-8 is 0.476 
2023-12-10 20:59:25,576 - INFO - AGENT :: Cluster Variance at 0.0005
2023-12-10 20:59:27,672 - INFO - AGENT :: Reward for binding grouchy-dust-6d668dd4bf-tlbkb to node kwok-std-node-1 is 0.476 
2023-12-10 20:59:29,967 - INFO - AGENT :: Reward for binding grouchy-dust-6d668dd4bf-kt7dc to node kwok-std-node-2 is 0.388 
2023-12-10 20:59:32,146 - INFO - AGENT :: Reward for binding grouchy-dust-6d668dd4bf-wcx7v to node kwok-std-node-8 is 0.423 
2023-12-10 20:59:34,541 - INFO - AGENT :: Reward for binding grouchy-dust-6d668dd4bf-z7j2d to node kwok-std-node-9 is 0.422 
2023-12-10 20:59:36,805 - INFO - AGENT :: Reward for binding grouchy-dust-6d668dd4bf-khjbk to node kwok-std-node-8 is 0.384 
2023-12-10 20:59:39,199 - INFO - AGENT :: Reward for binding grouchy-dust-6d668dd4bf-wl5tm to node kwok-std-node-3 is 0.664 
2023-12-10 20:59:41,513 - INFO - AGENT :: Reward for binding grouchy-dust-6d668dd4bf-q2fcp to node kwok-std-node-0 is 0.384 
2023-12-10 20:59:43,919 - INFO - AGENT :: Reward for binding grouchy-dust-6d668dd4bf-b8mjn to node kwok-std-node-0 is -0.938 
2023-12-10 20:59:46,289 - INFO - AGENT :: Reward for binding grouchy-dust-6d668dd4bf-6knjd to node kwok-std-node-4 is 0.539 
2023-12-10 20:59:48,830 - INFO - AGENT :: Reward for binding grouchy-dust-6d668dd4bf-pqshr to node kwok-std-node-5 is 0.661 
2023-12-10 20:59:49,277 - INFO - AGENT :: Cluster Variance at 0.0008
2023-12-10 20:59:51,829 - INFO - AGENT :: Reward for binding grouchy-dust-6d668dd4bf-64nbf to node kwok-std-node-2 is 0.354 
2023-12-10 21:00:01,656 - INFO - AGENT :: Processing Deployment asphalt-primer with 15 pods.
2023-12-10 21:00:03,985 - INFO - AGENT :: Reward for binding asphalt-primer-dcf4fbbd9-6879l to node kwok-std-node-0 is 0.33 
2023-12-10 21:00:06,572 - INFO - AGENT :: Reward for binding asphalt-primer-dcf4fbbd9-pzcl7 to node kwok-std-node-5 is 0.537 
2023-12-10 21:00:09,360 - INFO - AGENT :: Reward for binding asphalt-primer-dcf4fbbd9-lzxfj to node kwok-std-node-0 is 0.31 
2023-12-10 21:00:12,002 - INFO - AGENT :: Reward for binding asphalt-primer-dcf4fbbd9-fz77b to node kwok-std-node-5 is 0.463 
2023-12-10 21:00:14,733 - INFO - AGENT :: Reward for binding asphalt-primer-dcf4fbbd9-q92qb to node kwok-std-node-0 is 0.293 
2023-12-10 21:00:17,496 - INFO - AGENT :: Reward for binding asphalt-primer-dcf4fbbd9-wn7br to node kwok-std-node-0 is -0.921 
2023-12-10 21:00:20,292 - INFO - AGENT :: Reward for binding asphalt-primer-dcf4fbbd9-qd46r to node kwok-std-node-7 is 0.458 
2023-12-10 21:00:23,162 - INFO - AGENT :: Reward for binding asphalt-primer-dcf4fbbd9-jpf5j to node kwok-std-node-9 is 0.374 
2023-12-10 21:00:26,025 - INFO - AGENT :: Reward for binding asphalt-primer-dcf4fbbd9-xkv65 to node kwok-std-node-8 is 0.346 
2023-12-10 21:00:26,544 - INFO - AGENT :: Cluster Variance at 0.0017
2023-12-10 21:00:29,432 - INFO - AGENT :: Reward for binding asphalt-primer-dcf4fbbd9-c4fdv to node kwok-std-node-8 is -0.913 
2023-12-10 21:00:32,401 - INFO - AGENT :: Reward for binding asphalt-primer-dcf4fbbd9-5ddfr to node kwok-std-node-7 is 0.407 
2023-12-10 21:00:35,428 - INFO - AGENT :: Reward for binding asphalt-primer-dcf4fbbd9-9dv2n to node kwok-std-node-6 is 0.526 
2023-12-10 21:00:38,394 - INFO - AGENT :: Reward for binding asphalt-primer-dcf4fbbd9-st79x to node kwok-std-node-2 is 0.323 
2023-12-10 21:00:41,530 - INFO - AGENT :: Reward for binding asphalt-primer-dcf4fbbd9-2f6jp to node kwok-std-node-1 is 0.407 
2023-12-10 21:00:44,584 - INFO - AGENT :: Reward for binding asphalt-primer-dcf4fbbd9-qsvx5 to node kwok-std-node-0 is 0.263 
2023-12-10 21:00:44,882 - INFO - AGENT :: checking shutdown status
2023-12-10 21:01:22,469 - INFO - AGENT :: Processing Deployment concrete-analog with 12 pods.
2023-12-10 21:01:25,272 - INFO - AGENT :: Reward for binding concrete-analog-7d5744976c-cx2wk to node kwok-std-node-3 is 0.523 
2023-12-10 21:01:28,456 - INFO - AGENT :: Reward for binding concrete-analog-7d5744976c-26wlw to node kwok-std-node-3 is -0.908 
2023-12-10 21:01:31,670 - INFO - AGENT :: Reward for binding concrete-analog-7d5744976c-tsmtz to node kwok-std-node-8 is 0.303 
2023-12-10 21:01:34,919 - INFO - AGENT :: Reward for binding concrete-analog-7d5744976c-d25ft to node kwok-std-node-0 is 0.251 
2023-12-10 21:01:35,490 - INFO - AGENT :: Cluster Variance at 0.0022
2023-12-10 21:01:38,783 - INFO - AGENT :: Reward for binding concrete-analog-7d5744976c-fdpnl to node kwok-std-node-7 is 0.368 
2023-12-10 21:01:42,106 - INFO - AGENT :: Reward for binding concrete-analog-7d5744976c-z6x7n to node kwok-std-node-3 is 0.403 
2023-12-10 21:01:45,593 - INFO - AGENT :: Reward for binding concrete-analog-7d5744976c-fpnx2 to node kwok-std-node-8 is 0.285 
2023-12-10 21:01:49,230 - INFO - AGENT :: Reward for binding concrete-analog-7d5744976c-d86f5 to node kwok-std-node-8 is -0.899 
2023-12-10 21:01:52,699 - INFO - AGENT :: Reward for binding concrete-analog-7d5744976c-q6c22 to node kwok-std-node-8 is -0.895 
2023-12-10 21:01:56,229 - INFO - AGENT :: Reward for binding concrete-analog-7d5744976c-pwjn8 to node kwok-std-node-6 is 0.446 
2023-12-10 21:01:59,764 - INFO - AGENT :: Reward for binding concrete-analog-7d5744976c-7mxjq to node kwok-std-node-0 is 0.239 
2023-12-10 21:02:03,311 - INFO - AGENT :: Reward for binding concrete-analog-7d5744976c-8gqws to node kwok-std-node-0 is -0.888 
2023-12-10 21:02:03,599 - INFO - AGENT :: checking shutdown status
2023-12-10 21:02:03,843 - INFO - AGENT :: Processing Deployment magnetic-silver with 15 pods.
2023-12-10 21:02:07,252 - INFO - AGENT :: Reward for binding magnetic-silver-7b7b65b8c6-2j5d9 to node kwok-std-node-2 is 0.294 
2023-12-10 21:02:11,041 - INFO - AGENT :: Reward for binding magnetic-silver-7b7b65b8c6-6nj7n to node kwok-std-node-6 is 0.394 
2023-12-10 21:02:11,702 - INFO - AGENT :: Cluster Variance at 0.0032
2023-12-10 21:02:15,511 - INFO - AGENT :: Reward for binding magnetic-silver-7b7b65b8c6-74jk5 to node kwok-std-node-7 is 0.333 
2023-12-10 21:02:19,198 - INFO - AGENT :: Reward for binding magnetic-silver-7b7b65b8c6-76pq7 to node kwok-std-node-0 is 0.22 
2023-12-10 21:02:23,014 - INFO - AGENT :: Reward for binding magnetic-silver-7b7b65b8c6-7bmxt to node kwok-std-node-8 is 0.243 
2023-12-10 21:02:26,781 - INFO - AGENT :: Reward for binding magnetic-silver-7b7b65b8c6-7k8bt to node kwok-std-node-8 is -0.873 
2023-12-10 21:02:30,536 - INFO - AGENT :: Reward for binding magnetic-silver-7b7b65b8c6-7kjjz to node kwok-std-node-1 is 0.355 
2023-12-10 21:02:34,451 - INFO - AGENT :: Reward for binding magnetic-silver-7b7b65b8c6-dj95s to node kwok-std-node-0 is 0.211 
2023-12-10 21:02:38,479 - INFO - AGENT :: Reward for binding magnetic-silver-7b7b65b8c6-fjbfh to node kwok-std-node-5 is 0.387 
2023-12-10 21:02:42,372 - INFO - AGENT :: Reward for binding magnetic-silver-7b7b65b8c6-pcvw6 to node kwok-std-node-7 is 0.306 
2023-12-10 21:02:46,345 - INFO - AGENT :: Reward for binding magnetic-silver-7b7b65b8c6-slmfv to node kwok-std-node-0 is 0.204 
2023-12-10 21:02:50,388 - INFO - AGENT :: Reward for binding magnetic-silver-7b7b65b8c6-sxnqm to node kwok-std-node-5 is 0.351 
2023-12-10 21:02:51,130 - INFO - AGENT :: Cluster Variance at 0.0047
2023-12-10 21:02:55,165 - INFO - AGENT :: Reward for binding magnetic-silver-7b7b65b8c6-w4xv6 to node kwok-std-node-1 is 0.326 
2023-12-10 21:02:59,251 - INFO - AGENT :: Reward for binding magnetic-silver-7b7b65b8c6-xbqg4 to node kwok-std-node-8 is 0.222 
2023-12-10 21:03:03,384 - INFO - AGENT :: Reward for binding magnetic-silver-7b7b65b8c6-z4wm5 to node kwok-std-node-9 is 0.324 
2023-12-10 21:03:03,715 - INFO - AGENT :: checking shutdown status
2023-12-10 21:03:24,351 - INFO - AGENT :: Processing Deployment internal-action with 15 pods.
2023-12-10 21:03:28,154 - INFO - AGENT :: Reward for binding internal-action-565d4885d8-r7j9l to node kwok-std-node-0 is 0.197 
2023-12-10 21:03:32,466 - INFO - AGENT :: Reward for binding internal-action-565d4885d8-bdgrj to node kwok-std-node-6 is 0.348 
2023-12-10 21:03:36,686 - INFO - AGENT :: Reward for binding internal-action-565d4885d8-5c4fj to node kwok-std-node-8 is 0.214 
2023-12-10 21:03:40,956 - INFO - AGENT :: Reward for binding internal-action-565d4885d8-tv24p to node kwok-std-node-9 is 0.301 
2023-12-10 21:03:45,359 - INFO - AGENT :: Reward for binding internal-action-565d4885d8-fdvk2 to node kwok-std-node-8 is 0.206 
2023-12-10 21:03:49,917 - INFO - AGENT :: Reward for binding internal-action-565d4885d8-85g9b to node kwok-std-node-8 is -0.847 
2023-12-10 21:03:54,273 - INFO - AGENT :: Reward for binding internal-action-565d4885d8-gdrzc to node kwok-std-node-0 is 0.188 
2023-12-10 21:03:55,021 - INFO - AGENT :: Cluster Variance at 0.0068
2023-12-10 21:03:59,645 - INFO - AGENT :: Reward for binding internal-action-565d4885d8-mct9m to node kwok-std-node-1 is 0.296 
2023-12-10 21:04:04,213 - INFO - AGENT :: Reward for binding internal-action-565d4885d8-jxg9k to node kwok-std-node-3 is 0.342 
2023-12-10 21:04:08,827 - INFO - AGENT :: Reward for binding internal-action-565d4885d8-k4lzq to node kwok-std-node-0 is 0.183 
2023-12-10 21:04:13,423 - INFO - AGENT :: Reward for binding internal-action-565d4885d8-dlnlm to node kwok-std-node-0 is -0.834 
2023-12-10 21:04:18,116 - INFO - AGENT :: Reward for binding internal-action-565d4885d8-f4x4d to node kwok-std-node-5 is 0.313 
2023-12-10 21:04:22,911 - INFO - AGENT :: Reward for binding internal-action-565d4885d8-s68fv to node kwok-std-node-0 is 0.173 
2023-12-10 21:04:27,469 - INFO - AGENT :: Reward for binding internal-action-565d4885d8-qx2pg to node kwok-std-node-1 is 0.275 
2023-12-10 21:04:32,101 - INFO - AGENT :: Reward for binding internal-action-565d4885d8-946m9 to node kwok-std-node-4 is 0.412 
2023-12-10 21:04:32,539 - INFO - AGENT :: checking shutdown status
2023-12-10 21:04:45,681 - INFO - AGENT :: Processing Deployment glass-cotija with 5 pods.
2023-12-10 21:04:50,157 - INFO - AGENT :: Reward for binding glass-cotija-666c57ddd-rqggp to node kwok-std-node-5 is 0.292 
2023-12-10 21:04:54,964 - INFO - AGENT :: Reward for binding glass-cotija-666c57ddd-jglk5 to node kwok-std-node-5 is -0.827 
2023-12-10 21:04:55,826 - INFO - AGENT :: Cluster Variance at 0.0076
2023-12-10 21:05:00,547 - INFO - AGENT :: Reward for binding glass-cotija-666c57ddd-grd4h to node kwok-std-node-5 is -0.827 
2023-12-10 21:05:05,476 - INFO - AGENT :: Reward for binding glass-cotija-666c57ddd-ds5x8 to node kwok-std-node-5 is -0.827 
2023-12-10 21:05:10,400 - INFO - AGENT :: Reward for binding glass-cotija-666c57ddd-ljrh6 to node kwok-std-node-0 is 0.169 
2023-12-10 21:05:26,841 - INFO - AGENT :: Processing Deployment immense-dingo with 9 pods.
2023-12-10 21:05:31,406 - INFO - AGENT :: Reward for binding immense-dingo-689574d48b-65v5w to node kwok-std-node-0 is -0.821 
2023-12-10 21:05:36,523 - INFO - AGENT :: Reward for binding immense-dingo-689574d48b-6ql5c to node kwok-std-node-2 is 0.258 
2023-12-10 21:05:41,479 - INFO - AGENT :: Reward for binding immense-dingo-689574d48b-x76p2 to node kwok-std-node-8 is 0.187 
2023-12-10 21:05:46,762 - INFO - AGENT :: Reward for binding immense-dingo-689574d48b-268tr to node kwok-std-node-9 is 0.271 
2023-12-10 21:05:52,015 - INFO - AGENT :: Reward for binding immense-dingo-689574d48b-rxngk to node kwok-std-node-5 is 0.235 
2023-12-10 21:05:57,184 - INFO - AGENT :: Reward for binding immense-dingo-689574d48b-zmwdd to node kwok-std-node-8 is 0.182 
2023-12-10 21:06:02,355 - INFO - AGENT :: Reward for binding immense-dingo-689574d48b-8pm87 to node kwok-std-node-8 is -0.809 
2023-12-10 21:06:03,312 - INFO - AGENT :: Cluster Variance at 0.0101
2023-12-10 21:06:08,519 - INFO - AGENT :: Reward for binding immense-dingo-689574d48b-nbfs5 to node kwok-std-node-0 is 0.158 
2023-12-10 21:06:13,720 - INFO - AGENT :: Reward for binding immense-dingo-689574d48b-6qz86 to node kwok-std-node-1 is 0.253 
2023-12-10 21:06:14,063 - INFO - AGENT :: checking shutdown status
2023-12-10 21:06:48,319 - INFO - AGENT :: Processing Deployment caramelized-scarfing with 12 pods.
2023-12-10 21:06:53,252 - INFO - AGENT :: Reward for binding caramelized-scarfing-6479d6cc7f-2xpv5 to node kwok-std-node-9 is 0.253 
2023-12-10 21:06:58,698 - INFO - AGENT :: Reward for binding caramelized-scarfing-6479d6cc7f-rr54l to node kwok-std-node-1 is 0.241 
2023-12-10 21:07:04,110 - INFO - AGENT :: Reward for binding caramelized-scarfing-6479d6cc7f-jmx5r to node kwok-std-node-0 is 0.154 
2023-12-10 21:07:09,519 - INFO - AGENT :: Reward for binding caramelized-scarfing-6479d6cc7f-ld4qf to node kwok-std-node-8 is 0.17 
2023-12-10 21:07:15,047 - INFO - AGENT :: Reward for binding caramelized-scarfing-6479d6cc7f-8mjdw to node kwok-std-node-8 is -0.792 
2023-12-10 21:07:20,713 - INFO - AGENT :: Reward for binding caramelized-scarfing-6479d6cc7f-4kk4q to node kwok-std-node-1 is 0.228 
2023-12-10 21:07:26,257 - INFO - AGENT :: Reward for binding caramelized-scarfing-6479d6cc7f-ms47s to node kwok-std-node-1 is -0.788 
2023-12-10 21:07:31,905 - INFO - AGENT :: Reward for binding caramelized-scarfing-6479d6cc7f-jnsh9 to node kwok-std-node-6 is 0.298 
2023-12-10 21:07:32,979 - INFO - AGENT :: Cluster Variance at 0.0121
2023-12-10 21:07:38,605 - INFO - AGENT :: Reward for binding caramelized-scarfing-6479d6cc7f-pgq2w to node kwok-std-node-1 is 0.211 
2023-12-10 21:07:44,340 - INFO - AGENT :: Reward for binding caramelized-scarfing-6479d6cc7f-ltq2k to node kwok-std-node-1 is -0.788 
2023-12-10 21:07:50,056 - INFO - AGENT :: Reward for binding caramelized-scarfing-6479d6cc7f-2z5t2 to node kwok-std-node-5 is 0.218 
2023-12-10 21:07:55,901 - INFO - AGENT :: Reward for binding caramelized-scarfing-6479d6cc7f-m45vw to node kwok-std-node-8 is 0.161 
2023-12-10 21:07:56,427 - INFO - AGENT :: checking shutdown status
2023-12-10 21:08:09,859 - INFO - AGENT :: Processing Deployment relaxed-ravvet with 11 pods.
2023-12-10 21:08:15,239 - INFO - AGENT :: Reward for binding relaxed-ravvet-659c8ff5f-jk8bd to node kwok-std-node-6 is 0.277 
2023-12-10 21:08:21,117 - INFO - AGENT :: Reward for binding relaxed-ravvet-659c8ff5f-dhbvq to node kwok-std-node-8 is 0.157 
2023-12-10 21:08:26,986 - INFO - AGENT :: Reward for binding relaxed-ravvet-659c8ff5f-mm86f to node kwok-std-node-8 is -0.78 
2023-12-10 21:08:33,141 - INFO - AGENT :: Reward for binding relaxed-ravvet-659c8ff5f-srh9k to node kwok-std-node-3 is 0.294 
2023-12-10 21:08:39,067 - INFO - AGENT :: Reward for binding relaxed-ravvet-659c8ff5f-29cg8 to node kwok-std-node-8 is 0.15 
2023-12-10 21:08:45,445 - INFO - AGENT :: Reward for binding relaxed-ravvet-659c8ff5f-xt2lr to node kwok-std-node-1 is 0.194 
2023-12-10 21:08:46,603 - INFO - AGENT :: Cluster Variance at 0.0143
2023-12-10 21:08:52,756 - INFO - AGENT :: Reward for binding relaxed-ravvet-659c8ff5f-lrsnn to node kwok-std-node-0 is 0.146 
2023-12-10 21:08:58,690 - INFO - AGENT :: Reward for binding relaxed-ravvet-659c8ff5f-5kgfh to node kwok-std-node-8 is 0.145 
2023-12-10 21:09:05,038 - INFO - AGENT :: Reward for binding relaxed-ravvet-659c8ff5f-fk6kt to node kwok-std-node-4 is 0.342 
2023-12-10 21:09:11,392 - INFO - AGENT :: Reward for binding relaxed-ravvet-659c8ff5f-9ckmx to node kwok-std-node-4 is -0.766 
2023-12-10 21:09:17,880 - INFO - AGENT :: Reward for binding relaxed-ravvet-659c8ff5f-qjpzz to node kwok-std-node-8 is 0.143 
2023-12-10 21:09:18,450 - INFO - AGENT :: checking shutdown status
2023-12-10 21:09:31,698 - INFO - AGENT :: Processing Deployment amicable-dailies with 13 pods.
2023-12-10 21:09:37,463 - INFO - AGENT :: Reward for binding amicable-dailies-7b55b9bbc7-c2hsz to node kwok-std-node-6 is 0.255 
2023-12-10 21:09:43,891 - INFO - AGENT :: Reward for binding amicable-dailies-7b55b9bbc7-r8fjg to node kwok-std-node-8 is 0.14 
2023-12-10 21:09:50,286 - INFO - AGENT :: Reward for binding amicable-dailies-7b55b9bbc7-p7rt2 to node kwok-std-node-8 is -0.761 
2023-12-10 21:09:56,624 - INFO - AGENT :: Reward for binding amicable-dailies-7b55b9bbc7-wg4x9 to node kwok-std-node-8 is -0.756 
2023-12-10 21:10:03,041 - INFO - AGENT :: Reward for binding amicable-dailies-7b55b9bbc7-4ts4r to node kwok-std-node-8 is -0.752 
2023-12-10 21:10:04,279 - INFO - AGENT :: Cluster Variance at 0.0187
2023-12-10 21:10:10,826 - INFO - AGENT :: Reward for binding amicable-dailies-7b55b9bbc7-9wt5w to node kwok-std-node-4 is 0.282 
2023-12-10 21:10:17,298 - INFO - AGENT :: Reward for binding amicable-dailies-7b55b9bbc7-464mw to node kwok-std-node-4 is -0.748 
2023-12-10 21:10:23,796 - INFO - AGENT :: Reward for binding amicable-dailies-7b55b9bbc7-mqmkw to node kwok-std-node-9 is 0.226 
2023-12-10 21:10:30,443 - INFO - AGENT :: Reward for binding amicable-dailies-7b55b9bbc7-s452x to node kwok-std-node-7 is 0.25 
2023-12-10 21:10:37,080 - INFO - AGENT :: Reward for binding amicable-dailies-7b55b9bbc7-vnpqm to node kwok-std-node-8 is 0.129 
2023-12-10 21:10:43,837 - INFO - AGENT :: Reward for binding amicable-dailies-7b55b9bbc7-lfgzh to node kwok-std-node-1 is 0.181 
2023-12-10 21:10:50,428 - INFO - AGENT :: Reward for binding amicable-dailies-7b55b9bbc7-x9p8l to node kwok-std-node-8 is 0.126 
2023-12-10 21:10:57,264 - INFO - AGENT :: Reward for binding amicable-dailies-7b55b9bbc7-z7pv5 to node kwok-std-node-0 is 0.138 
2023-12-10 21:10:57,790 - INFO - AGENT :: checking shutdown status
2023-12-10 21:11:34,161 - INFO - AGENT :: Processing Deployment stringy-jump with 8 pods.
2023-12-10 21:11:40,305 - INFO - AGENT :: Reward for binding stringy-jump-56759cf968-4bs8g to node kwok-std-node-0 is -0.738 
2023-12-10 21:11:47,103 - INFO - AGENT :: Reward for binding stringy-jump-56759cf968-nvmhj to node kwok-std-node-6 is 0.232 
2023-12-10 21:11:48,238 - INFO - AGENT :: Cluster Variance at 0.0207
2023-12-10 21:11:55,187 - INFO - AGENT :: Reward for binding stringy-jump-56759cf968-pzqm8 to node kwok-std-node-8 is 0.122 
2023-12-10 21:12:02,092 - INFO - AGENT :: Reward for binding stringy-jump-56759cf968-mb5sw to node kwok-std-node-8 is -0.73 
2023-12-10 21:12:08,999 - INFO - AGENT :: Reward for binding stringy-jump-56759cf968-kzhkx to node kwok-std-node-8 is -0.725 
2023-12-10 21:12:15,946 - INFO - AGENT :: Reward for binding stringy-jump-56759cf968-gp82h to node kwok-std-node-8 is -0.72 
2023-12-10 21:12:22,806 - INFO - AGENT :: Reward for binding stringy-jump-56759cf968-xxtrw to node kwok-std-node-0 is 0.128 
2023-12-10 21:12:29,760 - INFO - AGENT :: Reward for binding stringy-jump-56759cf968-f2vvf to node kwok-std-node-5 is 0.19 
2023-12-10 21:12:30,229 - INFO - AGENT :: Acknowledge Epoch Complete
2023-12-10 21:12:30,246 - INFO - AGENT :: checking shutdown status
2023-12-10 21:12:34,596 - INFO - AGENT :: Reward for binding glass-cotija-666c57ddd-28npk to node kwok-std-node-8 is 0.158 
2023-12-10 21:12:43,989 - INFO - AGENT :: Processing Deployment pale-dune with 13 pods.
2023-12-10 21:12:44,909 - INFO - AGENT :: Reward for binding pale-dune-7486cfc7d7-8jklz to node kwok-std-node-0 is 0.177 
2023-12-10 21:12:45,862 - INFO - AGENT :: Reward for binding pale-dune-7486cfc7d7-gzsmd to node kwok-std-node-3 is 0.35 
2023-12-10 21:12:46,830 - INFO - AGENT :: Reward for binding pale-dune-7486cfc7d7-7p5bz to node kwok-std-node-3 is -0.988 
2023-12-10 21:12:47,016 - INFO - AGENT :: Cluster Variance at 0.0001
2023-12-10 21:12:48,076 - INFO - AGENT :: Reward for binding pale-dune-7486cfc7d7-2bgw8 to node kwok-std-node-9 is 0.283 
2023-12-10 21:12:49,196 - INFO - AGENT :: Reward for binding pale-dune-7486cfc7d7-bxqxr to node kwok-std-node-7 is 0.31 
2023-12-10 21:12:50,246 - INFO - AGENT :: Reward for binding pale-dune-7486cfc7d7-khqds to node kwok-std-node-5 is 0.253 
2023-12-10 21:12:51,476 - INFO - AGENT :: Reward for binding pale-dune-7486cfc7d7-nw9tl to node kwok-std-node-1 is 0.231 
2023-12-10 21:12:52,636 - INFO - AGENT :: Reward for binding pale-dune-7486cfc7d7-j2582 to node kwok-std-node-7 is 0.296 
2023-12-10 21:12:53,855 - INFO - AGENT :: Reward for binding pale-dune-7486cfc7d7-4v9bt to node kwok-std-node-3 is 0.309 
2023-12-10 21:12:55,224 - INFO - AGENT :: Reward for binding pale-dune-7486cfc7d7-55stx to node kwok-std-node-2 is 0.293 
2023-12-10 21:12:56,489 - INFO - AGENT :: Reward for binding pale-dune-7486cfc7d7-sbxmq to node kwok-std-node-4 is 0.324 
2023-12-10 21:12:58,010 - INFO - AGENT :: Reward for binding pale-dune-7486cfc7d7-dmxd6 to node kwok-std-node-5 is 0.243 
2023-12-10 21:12:59,419 - INFO - AGENT :: Reward for binding pale-dune-7486cfc7d7-g7d2l to node kwok-std-node-0 is 0.169 
2023-12-10 21:12:59,708 - INFO - AGENT :: Cluster Variance at 0.0002
2023-12-10 21:13:24,237 - INFO - AGENT :: Processing Deployment shiny-sub with 15 pods.
2023-12-10 21:13:25,580 - INFO - AGENT :: Reward for binding shiny-sub-b869c48f7-q7j97 to node kwok-std-node-3 is 0.293 
2023-12-10 21:13:27,200 - INFO - AGENT :: Reward for binding shiny-sub-b869c48f7-wvxkv to node kwok-std-node-3 is -0.965 
2023-12-10 21:13:28,739 - INFO - AGENT :: Reward for binding shiny-sub-b869c48f7-lzdcs to node kwok-std-node-2 is 0.277 
2023-12-10 21:13:30,376 - INFO - AGENT :: Reward for binding shiny-sub-b869c48f7-qh8td to node kwok-std-node-6 is 0.289 
2023-12-10 21:13:31,995 - INFO - AGENT :: Reward for binding shiny-sub-b869c48f7-kd4kr to node kwok-std-node-8 is 0.15 
2023-12-10 21:13:33,662 - INFO - AGENT :: Reward for binding shiny-sub-b869c48f7-q2zb4 to node kwok-std-node-0 is 0.165 
2023-12-10 21:13:35,260 - INFO - AGENT :: Reward for binding shiny-sub-b869c48f7-s7kdc to node kwok-std-node-3 is 0.266 
2023-12-10 21:13:36,958 - INFO - AGENT :: Reward for binding shiny-sub-b869c48f7-5kqt4 to node kwok-std-node-9 is 0.264 
2023-12-10 21:13:38,773 - INFO - AGENT :: Reward for binding shiny-sub-b869c48f7-rzs8p to node kwok-std-node-0 is 0.161 
2023-12-10 21:13:40,519 - INFO - AGENT :: Reward for binding shiny-sub-b869c48f7-cxfqc to node kwok-std-node-3 is 0.254 
2023-12-10 21:13:40,843 - INFO - AGENT :: Cluster Variance at 0.0008
2023-12-10 21:13:42,688 - INFO - AGENT :: Reward for binding shiny-sub-b869c48f7-4gzjh to node kwok-std-node-3 is -0.944 
2023-12-10 21:13:44,502 - INFO - AGENT :: Reward for binding shiny-sub-b869c48f7-5d2cw to node kwok-std-node-5 is 0.227 
2023-12-10 21:13:46,391 - INFO - AGENT :: Reward for binding shiny-sub-b869c48f7-rtdcg to node kwok-std-node-8 is 0.144 
2023-12-10 21:13:48,439 - INFO - AGENT :: Reward for binding shiny-sub-b869c48f7-tfzs5 to node kwok-std-node-8 is -0.938 
2023-12-10 21:13:50,311 - INFO - AGENT :: Reward for binding shiny-sub-b869c48f7-jn8bl to node kwok-std-node-7 is 0.271 
2023-12-10 21:13:50,417 - INFO - AGENT :: checking shutdown status
2023-12-10 21:14:04,608 - INFO - AGENT :: Processing Deployment endothermic-growth with 11 pods.
2023-12-10 21:14:06,772 - INFO - AGENT :: Reward for binding endothermic-growth-78c99b7d7c-c25bp to node kwok-std-node-3 is 0.234 
2023-12-10 21:14:08,787 - INFO - AGENT :: Reward for binding endothermic-growth-78c99b7d7c-zn47s to node kwok-std-node-3 is -0.93 
2023-12-10 21:14:11,057 - INFO - AGENT :: Reward for binding endothermic-growth-78c99b7d7c-kdr47 to node kwok-std-node-1 is 0.212 
2023-12-10 21:14:13,183 - INFO - AGENT :: Reward for binding endothermic-growth-78c99b7d7c-t7pdg to node kwok-std-node-4 is 0.292 
2023-12-10 21:14:15,472 - INFO - AGENT :: Reward for binding endothermic-growth-78c99b7d7c-d7nrq to node kwok-std-node-0 is 0.154 
2023-12-10 21:14:15,883 - INFO - AGENT :: Cluster Variance at 0.0015
2023-12-10 21:14:18,237 - INFO - AGENT :: Reward for binding endothermic-growth-78c99b7d7c-rcr68 to node kwok-std-node-2 is 0.256 
2023-12-10 21:14:20,512 - INFO - AGENT :: Reward for binding endothermic-growth-78c99b7d7c-pzmtt to node kwok-std-node-1 is 0.207 
2023-12-10 21:14:22,892 - INFO - AGENT :: Reward for binding endothermic-growth-78c99b7d7c-d8c4s to node kwok-std-node-3 is 0.218 
2023-12-10 21:14:25,309 - INFO - AGENT :: Reward for binding endothermic-growth-78c99b7d7c-sbfrg to node kwok-std-node-8 is 0.138 
2023-12-10 21:14:27,682 - INFO - AGENT :: Reward for binding endothermic-growth-78c99b7d7c-4sr44 to node kwok-std-node-8 is -0.918 
2023-12-10 21:14:30,094 - INFO - AGENT :: Reward for binding endothermic-growth-78c99b7d7c-cqbx2 to node kwok-std-node-8 is -0.917 
2023-12-10 21:14:45,090 - INFO - AGENT :: Processing Deployment full-gram with 9 pods.
2023-12-10 21:14:47,362 - INFO - AGENT :: Reward for binding full-gram-7bd5d698b6-hcmsn to node kwok-std-node-1 is 0.2 
2023-12-10 21:14:49,845 - INFO - AGENT :: Reward for binding full-gram-7bd5d698b6-pnr95 to node kwok-std-node-0 is 0.15 
2023-12-10 21:14:52,436 - INFO - AGENT :: Reward for binding full-gram-7bd5d698b6-xp6lf to node kwok-std-node-7 is 0.253 
2023-12-10 21:14:55,078 - INFO - AGENT :: Reward for binding full-gram-7bd5d698b6-f7lvn to node kwok-std-node-5 is 0.215 
2023-12-10 21:14:55,519 - INFO - AGENT :: Cluster Variance at 0.0018
2023-12-10 21:14:58,121 - INFO - AGENT :: Reward for binding full-gram-7bd5d698b6-5nxgr to node kwok-std-node-8 is 0.133 
2023-12-10 21:15:00,811 - INFO - AGENT :: Reward for binding full-gram-7bd5d698b6-pqbd4 to node kwok-std-node-6 is 0.263 
2023-12-10 21:15:03,477 - INFO - AGENT :: Reward for binding full-gram-7bd5d698b6-jl97w to node kwok-std-node-6 is -0.914 
2023-12-10 21:15:06,170 - INFO - AGENT :: Reward for binding full-gram-7bd5d698b6-5f298 to node kwok-std-node-6 is -0.916 
2023-12-10 21:15:08,897 - INFO - AGENT :: Reward for binding full-gram-7bd5d698b6-mlrgw to node kwok-std-node-3 is 0.21 
2023-12-10 21:15:09,054 - INFO - AGENT :: checking shutdown status
2023-12-10 21:15:25,673 - INFO - AGENT :: Processing Deployment mint-angel with 7 pods.
2023-12-10 21:15:28,346 - INFO - AGENT :: Reward for binding mint-angel-9d56f5cb8-sxd7c to node kwok-std-node-2 is 0.243 
2023-12-10 21:15:31,146 - INFO - AGENT :: Reward for binding mint-angel-9d56f5cb8-4x2mg to node kwok-std-node-3 is 0.204 
2023-12-10 21:15:34,034 - INFO - AGENT :: Reward for binding mint-angel-9d56f5cb8-knwcr to node kwok-std-node-0 is 0.147 
2023-12-10 21:15:36,926 - INFO - AGENT :: Reward for binding mint-angel-9d56f5cb8-lx6hf to node kwok-std-node-1 is 0.192 
2023-12-10 21:15:39,813 - INFO - AGENT :: Reward for binding mint-angel-9d56f5cb8-22594 to node kwok-std-node-0 is 0.144 
2023-12-10 21:15:40,403 - INFO - AGENT :: Cluster Variance at 0.0024
2023-12-10 21:15:43,506 - INFO - AGENT :: Reward for binding mint-angel-9d56f5cb8-fctk6 to node kwok-std-node-8 is 0.13 
2023-12-10 21:15:46,520 - INFO - AGENT :: Reward for binding mint-angel-9d56f5cb8-5vgrs to node kwok-std-node-8 is -0.898 
2023-12-10 21:16:06,339 - INFO - AGENT :: Processing Deployment marinated-pit with 8 pods.
2023-12-10 21:16:09,251 - INFO - AGENT :: Reward for binding marinated-pit-5777bbcb4-2zr5z to node kwok-std-node-7 is 0.239 
2023-12-10 21:16:12,299 - INFO - AGENT :: Reward for binding marinated-pit-5777bbcb4-5g9tz to node kwok-std-node-8 is 0.127 
2023-12-10 21:16:15,439 - INFO - AGENT :: Reward for binding marinated-pit-5777bbcb4-t7t7j to node kwok-std-node-5 is 0.205 
2023-12-10 21:16:18,631 - INFO - AGENT :: Reward for binding marinated-pit-5777bbcb4-khvfh to node kwok-std-node-4 is 0.269 
2023-12-10 21:16:21,783 - INFO - AGENT :: Reward for binding marinated-pit-5777bbcb4-pchfb to node kwok-std-node-6 is 0.231 
2023-12-10 21:16:25,087 - INFO - AGENT :: Reward for binding marinated-pit-5777bbcb4-9rkkq to node kwok-std-node-8 is 0.126 
2023-12-10 21:16:28,358 - INFO - AGENT :: Reward for binding marinated-pit-5777bbcb4-7t6qq to node kwok-std-node-8 is -0.893 
2023-12-10 21:16:31,791 - INFO - AGENT :: Reward for binding marinated-pit-5777bbcb4-bsx96 to node kwok-std-node-5 is 0.199 
2023-12-10 21:16:32,443 - INFO - AGENT :: Cluster Variance at 0.0029
2023-12-10 21:16:32,642 - INFO - AGENT :: checking shutdown status
2023-12-10 21:16:47,026 - INFO - AGENT :: Processing Deployment giant-representative with 9 pods.
2023-12-10 21:16:50,145 - INFO - AGENT :: Reward for binding giant-representative-57fb45f8cb-jm8mj to node kwok-std-node-8 is 0.122 
2023-12-10 21:16:53,608 - INFO - AGENT :: Reward for binding giant-representative-57fb45f8cb-xdd2w to node kwok-std-node-8 is -0.884 
2023-12-10 21:16:57,177 - INFO - AGENT :: Reward for binding giant-representative-57fb45f8cb-p5nbd to node kwok-std-node-2 is 0.227 
2023-12-10 21:17:00,559 - INFO - AGENT :: Reward for binding giant-representative-57fb45f8cb-6p7f4 to node kwok-std-node-0 is 0.139 
2023-12-10 21:17:03,974 - INFO - AGENT :: Reward for binding giant-representative-57fb45f8cb-qrx7g to node kwok-std-node-0 is -0.879 
2023-12-10 21:17:07,479 - INFO - AGENT :: Reward for binding giant-representative-57fb45f8cb-nnvvg to node kwok-std-node-3 is 0.191 
2023-12-10 21:17:11,084 - INFO - AGENT :: Reward for binding giant-representative-57fb45f8cb-r4gdp to node kwok-std-node-3 is -0.873 
2023-12-10 21:17:14,624 - INFO - AGENT :: Reward for binding giant-representative-57fb45f8cb-w68xt to node kwok-std-node-8 is 0.117 
2023-12-10 21:17:18,304 - INFO - AGENT :: Reward for binding giant-representative-57fb45f8cb-8kjxn to node kwok-std-node-0 is 0.133 
2023-12-10 21:17:27,803 - INFO - AGENT :: Processing Deployment kind-actuary with 5 pods.
2023-12-10 21:17:31,252 - INFO - AGENT :: Reward for binding kind-actuary-6b4985784c-smwbr to node kwok-std-node-8 is 0.115 
2023-12-10 21:17:31,890 - INFO - AGENT :: Cluster Variance at 0.0053
2023-12-10 21:17:35,586 - INFO - AGENT :: Reward for binding kind-actuary-6b4985784c-pjqtz to node kwok-std-node-8 is -0.857 
2023-12-10 21:17:39,317 - INFO - AGENT :: Reward for binding kind-actuary-6b4985784c-fsbtt to node kwok-std-node-0 is 0.13 
2023-12-10 21:17:42,989 - INFO - AGENT :: Reward for binding kind-actuary-6b4985784c-wcmkp to node kwok-std-node-8 is 0.112 
2023-12-10 21:17:46,769 - INFO - AGENT :: Reward for binding kind-actuary-6b4985784c-xtgbq to node kwok-std-node-1 is 0.176 
2023-12-10 21:17:47,006 - INFO - AGENT :: checking shutdown status
2023-12-10 21:18:08,635 - INFO - AGENT :: Processing Deployment radiant-loser with 14 pods.
2023-12-10 21:18:12,180 - INFO - AGENT :: Reward for binding radiant-loser-68884c5c-tpq2c to node kwok-std-node-9 is 0.226 
2023-12-10 21:18:16,164 - INFO - AGENT :: Reward for binding radiant-loser-68884c5c-c6kcg to node kwok-std-node-8 is 0.11 
2023-12-10 21:18:20,118 - INFO - AGENT :: Reward for binding radiant-loser-68884c5c-rxggx to node kwok-std-node-8 is -0.843 
2023-12-10 21:18:24,207 - INFO - AGENT :: Reward for binding radiant-loser-68884c5c-w6vfz to node kwok-std-node-8 is -0.838 
2023-12-10 21:18:28,330 - INFO - AGENT :: Reward for binding radiant-loser-68884c5c-nbtjk to node kwok-std-node-8 is -0.832 
2023-12-10 21:18:32,399 - INFO - AGENT :: Reward for binding radiant-loser-68884c5c-p8xcq to node kwok-std-node-8 is -0.826 
2023-12-10 21:18:33,105 - INFO - AGENT :: Cluster Variance at 0.0091
2023-12-10 21:18:37,191 - INFO - AGENT :: Reward for binding radiant-loser-68884c5c-x5w9n to node kwok-std-node-0 is 0.124 
2023-12-10 21:18:41,264 - INFO - AGENT :: Reward for binding radiant-loser-68884c5c-ldtkk to node kwok-std-node-8 is 0.102 
2023-12-10 21:18:45,481 - INFO - AGENT :: Reward for binding radiant-loser-68884c5c-wf7bb to node kwok-std-node-1 is 0.166 
2023-12-10 21:18:49,781 - INFO - AGENT :: Reward for binding radiant-loser-68884c5c-fsxkf to node kwok-std-node-6 is 0.203 
2023-12-10 21:18:54,109 - INFO - AGENT :: Reward for binding radiant-loser-68884c5c-cqwb4 to node kwok-std-node-8 is 0.101 
2023-12-10 21:18:58,362 - INFO - AGENT :: Reward for binding radiant-loser-68884c5c-9jq4l to node kwok-std-node-0 is 0.121 
2023-12-10 21:19:02,740 - INFO - AGENT :: Reward for binding radiant-loser-68884c5c-dq2kw to node kwok-std-node-9 is 0.208 
2023-12-10 21:19:07,096 - INFO - AGENT :: Reward for binding radiant-loser-68884c5c-jrhsj to node kwok-std-node-8 is 0.1 
2023-12-10 21:19:07,509 - INFO - AGENT :: checking shutdown status
2023-12-10 21:19:29,834 - INFO - AGENT :: Processing Deployment offline-globe with 9 pods.
2023-12-10 21:19:33,873 - INFO - AGENT :: Reward for binding offline-globe-559b8fc48f-cc6lg to node kwok-std-node-8 is -0.803 
2023-12-10 21:19:38,264 - INFO - AGENT :: Reward for binding offline-globe-559b8fc48f-8whrh to node kwok-std-node-9 is 0.199 
2023-12-10 21:19:39,083 - INFO - AGENT :: Cluster Variance at 0.012
2023-12-10 21:19:43,691 - INFO - AGENT :: Reward for binding offline-globe-559b8fc48f-2dpsv to node kwok-std-node-8 is 0.097 
2023-12-10 21:19:48,130 - INFO - AGENT :: Reward for binding offline-globe-559b8fc48f-k2ddq to node kwok-std-node-1 is 0.158 
2023-12-10 21:19:52,593 - INFO - AGENT :: Reward for binding offline-globe-559b8fc48f-klsr4 to node kwok-std-node-2 is 0.198 
2023-12-10 21:19:57,217 - INFO - AGENT :: Reward for binding offline-globe-559b8fc48f-tvhc5 to node kwok-std-node-9 is 0.192 
2023-12-10 21:20:01,753 - INFO - AGENT :: Reward for binding offline-globe-559b8fc48f-999gt to node kwok-std-node-4 is 0.229 
2023-12-10 21:20:06,415 - INFO - AGENT :: Reward for binding offline-globe-559b8fc48f-f7vn6 to node kwok-std-node-2 is 0.193 
2023-12-10 21:20:11,288 - INFO - AGENT :: Reward for binding offline-globe-559b8fc48f-9cl7f to node kwok-std-node-0 is 0.118 
2023-12-10 21:20:11,738 - INFO - AGENT :: checking shutdown status
2023-12-10 21:20:11,789 - INFO - AGENT :: Processing Deployment fresh-root with 10 pods.
2023-12-10 21:20:16,244 - INFO - AGENT :: Reward for binding fresh-root-5b47966c8b-49xwb to node kwok-std-node-8 is 0.096 
2023-12-10 21:20:21,164 - INFO - AGENT :: Reward for binding fresh-root-5b47966c8b-8jw25 to node kwok-std-node-4 is 0.219 
2023-12-10 21:20:26,105 - INFO - AGENT :: Reward for binding fresh-root-5b47966c8b-f9nqz to node kwok-std-node-5 is 0.172 
2023-12-10 21:20:26,982 - INFO - AGENT :: Cluster Variance at 0.0125
2023-12-10 21:20:31,919 - INFO - AGENT :: Reward for binding fresh-root-5b47966c8b-g6dct to node kwok-std-node-7 is 0.204 
2023-12-10 21:20:36,888 - INFO - AGENT :: Reward for binding fresh-root-5b47966c8b-njbs2 to node kwok-std-node-9 is 0.187 
2023-12-10 21:20:41,883 - INFO - AGENT :: Reward for binding fresh-root-5b47966c8b-pchfz to node kwok-std-node-1 is 0.156 
2023-12-10 21:20:46,778 - INFO - AGENT :: Reward for binding fresh-root-5b47966c8b-qhq6s to node kwok-std-node-1 is -0.794 
2023-12-10 21:20:51,822 - INFO - AGENT :: Reward for binding fresh-root-5b47966c8b-qxf9d to node kwok-std-node-8 is 0.095 
2023-12-10 21:20:56,901 - INFO - AGENT :: Reward for binding fresh-root-5b47966c8b-srpnv to node kwok-std-node-1 is 0.149 
2023-12-10 21:21:01,994 - INFO - AGENT :: Reward for binding fresh-root-5b47966c8b-vdqgh to node kwok-std-node-1 is -0.788 
2023-12-10 21:21:11,742 - INFO - AGENT :: checking shutdown status
2023-12-10 21:21:32,245 - INFO - AGENT :: Processing Deployment broad-banquette with 6 pods.
2023-12-10 21:21:36,879 - INFO - AGENT :: Reward for binding broad-banquette-77587c7c54-hx82b to node kwok-std-node-8 is 0.093 
2023-12-10 21:21:42,067 - INFO - AGENT :: Reward for binding broad-banquette-77587c7c54-tgdfz to node kwok-std-node-6 is 0.19 
2023-12-10 21:21:47,177 - INFO - AGENT :: Reward for binding broad-banquette-77587c7c54-4gcfc to node kwok-std-node-8 is 0.092 
2023-12-10 21:21:48,218 - INFO - AGENT :: Cluster Variance at 0.0146
2023-12-10 21:21:53,425 - INFO - AGENT :: Reward for binding broad-banquette-77587c7c54-d8x6l to node kwok-std-node-1 is 0.142 
2023-12-10 21:21:58,599 - INFO - AGENT :: Reward for binding broad-banquette-77587c7c54-m6sdp to node kwok-std-node-8 is 0.091 
2023-12-10 21:22:03,730 - INFO - AGENT :: Reward for binding broad-banquette-77587c7c54-z6cxm to node kwok-std-node-8 is -0.77 
2023-12-10 21:22:11,745 - INFO - AGENT :: checking shutdown status
2023-12-10 21:22:13,443 - INFO - AGENT :: Processing Deployment mild-chateau with 14 pods.
2023-12-10 21:22:18,282 - INFO - AGENT :: Reward for binding mild-chateau-6974bb499b-cssjx to node kwok-std-node-8 is -0.764 
2023-12-10 21:22:23,735 - INFO - AGENT :: Reward for binding mild-chateau-6974bb499b-bpjvd to node kwok-std-node-8 is -0.758 
2023-12-10 21:22:29,117 - INFO - AGENT :: Reward for binding mild-chateau-6974bb499b-828xh to node kwok-std-node-8 is -0.752 
2023-12-10 21:22:34,604 - INFO - AGENT :: Reward for binding mild-chateau-6974bb499b-zfdkz to node kwok-std-node-0 is 0.109 
2023-12-10 21:22:40,040 - INFO - AGENT :: Reward for binding mild-chateau-6974bb499b-tg8rc to node kwok-std-node-1 is 0.134 
2023-12-10 21:22:45,486 - INFO - AGENT :: Reward for binding mild-chateau-6974bb499b-dnbrx to node kwok-std-node-8 is 0.084 
2023-12-10 21:22:51,060 - INFO - AGENT :: Reward for binding mild-chateau-6974bb499b-dtd7n to node kwok-std-node-8 is -0.738 
2023-12-10 21:22:52,021 - INFO - AGENT :: Cluster Variance at 0.023
2023-12-10 21:22:57,703 - INFO - AGENT :: Reward for binding mild-chateau-6974bb499b-n4frh to node kwok-std-node-8 is -0.732 
2023-12-10 21:23:03,229 - INFO - AGENT :: Reward for binding mild-chateau-6974bb499b-cq7wr to node kwok-std-node-2 is 0.171 
2023-12-10 21:23:08,911 - INFO - AGENT :: Reward for binding mild-chateau-6974bb499b-6g7db to node kwok-std-node-0 is 0.105 
2023-12-10 21:23:14,548 - INFO - AGENT :: Reward for binding mild-chateau-6974bb499b-xrv75 to node kwok-std-node-4 is 0.194 
2023-12-10 21:23:20,183 - INFO - AGENT :: Reward for binding mild-chateau-6974bb499b-lgrwl to node kwok-std-node-1 is 0.128 
2023-12-10 21:23:26,022 - INFO - AGENT :: Reward for binding mild-chateau-6974bb499b-zfd88 to node kwok-std-node-2 is 0.167 
2023-12-10 21:23:31,757 - INFO - AGENT :: Reward for binding mild-chateau-6974bb499b-tt97s to node kwok-std-node-8 is 0.081 
2023-12-10 21:23:32,283 - INFO - AGENT :: checking shutdown status
2023-12-10 21:23:35,067 - INFO - AGENT :: Processing Deployment dynamic-taco with 11 pods.
2023-12-10 21:23:40,457 - INFO - AGENT :: Reward for binding dynamic-taco-59f5854949-cvqlm to node kwok-std-node-1 is 0.126 
2023-12-10 21:23:46,384 - INFO - AGENT :: Reward for binding dynamic-taco-59f5854949-npbx8 to node kwok-std-node-9 is 0.165 
2023-12-10 21:23:52,322 - INFO - AGENT :: Reward for binding dynamic-taco-59f5854949-7hbjf to node kwok-std-node-6 is 0.17 
2023-12-10 21:23:53,333 - INFO - AGENT :: Cluster Variance at 0.0247
2023-12-10 21:23:59,328 - INFO - AGENT :: Reward for binding dynamic-taco-59f5854949-qdqft to node kwok-std-node-0 is 0.103 
2023-12-10 21:24:05,211 - INFO - AGENT :: Reward for binding dynamic-taco-59f5854949-ftpdw to node kwok-std-node-1 is 0.124 
2023-12-10 21:24:11,352 - INFO - AGENT :: Reward for binding dynamic-taco-59f5854949-d2skx to node kwok-std-node-6 is 0.165 
2023-12-10 21:24:17,458 - INFO - AGENT :: Reward for binding dynamic-taco-59f5854949-c7g2q to node kwok-std-node-0 is 0.102 
2023-12-10 21:24:23,545 - INFO - AGENT :: Reward for binding dynamic-taco-59f5854949-qrvpm to node kwok-std-node-8 is 0.08 
2023-12-10 21:24:29,702 - INFO - AGENT :: Reward for binding dynamic-taco-59f5854949-kkxsl to node kwok-std-node-1 is 0.121 
2023-12-10 21:24:35,953 - INFO - AGENT :: Reward for binding dynamic-taco-59f5854949-7mfcn to node kwok-std-node-1 is -0.713 
2023-12-10 21:24:42,190 - INFO - AGENT :: Reward for binding dynamic-taco-59f5854949-48lk9 to node kwok-std-node-4 is 0.184 
2023-12-10 21:24:42,754 - INFO - AGENT :: checking shutdown status
2023-12-10 21:24:56,765 - INFO - AGENT :: Processing Deployment hot-fascia with 6 pods.
2023-12-10 21:25:02,568 - INFO - AGENT :: Reward for binding hot-fascia-9f66bdd46-98db6 to node kwok-std-node-8 is 0.078 
2023-12-10 21:25:09,096 - INFO - AGENT :: Reward for binding hot-fascia-9f66bdd46-6j5jp to node kwok-std-node-8 is -0.707 
2023-12-10 21:25:10,290 - INFO - AGENT :: Cluster Variance at 0.0292
2023-12-10 21:25:16,747 - INFO - AGENT :: Reward for binding hot-fascia-9f66bdd46-nlnqr to node kwok-std-node-8 is -0.702 
2023-12-10 21:25:23,223 - INFO - AGENT :: Reward for binding hot-fascia-9f66bdd46-mj9n6 to node kwok-std-node-6 is 0.156 
2023-12-10 21:25:29,733 - INFO - AGENT :: Reward for binding hot-fascia-9f66bdd46-f6w5d to node kwok-std-node-9 is 0.156 
2023-12-10 21:25:36,425 - INFO - AGENT :: Reward for binding hot-fascia-9f66bdd46-j4ngm to node kwok-std-node-1 is 0.115 
2023-12-10 21:25:41,728 - INFO - AGENT :: Reward for binding kind-actuary-6b4985784c-z25zw to node kwok-std-node-6 is 0.218 
2023-12-10 21:25:42,759 - INFO - AGENT :: checking shutdown status
2023-12-10 21:26:42,762 - INFO - AGENT :: checking shutdown status
2023-12-10 21:26:42,762 - INFO - AGENT :: Saving AC Model for Reuse
